<?xml version="1.0" encoding="UTF-8"?>
<testng-results ignored="0" total="1" passed="1" failed="0" skipped="0">
  <reporter-output>
  </reporter-output>
  <suite started-at="2024-09-20T10:02:36 IST" name="Default suite" finished-at="2024-09-20T10:02:37 IST" duration-ms="761">
    <groups>
      <group name="cucumber">
        <method signature="AbstractTestNGCucumberTests.runScenario(io.cucumber.testng.PickleWrapper,io.cucumber.testng.FeatureWrapper)[pri:0, instance:selenium_features.Runner_Testng@6025e1b6]" name="runScenario" class="io.cucumber.testng.AbstractTestNGCucumberTests"/>
      </group> <!-- cucumber -->
    </groups>
    <test started-at="2024-09-20T10:02:36 IST" name="Default test" finished-at="2024-09-20T10:02:37 IST" duration-ms="761">
      <class name="selenium_features.Runner_Testng">
        <test-method is-config="true" signature="setUpClass(org.testng.ITestContext)[pri:0, instance:selenium_features.Runner_Testng@6025e1b6]" started-at="2024-09-20T10:02:36 IST" name="setUpClass" finished-at="2024-09-20T10:02:36 IST" duration-ms="533" status="PASS">
          <params>
            <param index="0">
              <value>
                <![CDATA[org.testng.TestRunner@7674a051]]>
              </value>
            </param>
          </params>
          <reporter-output>
          </reporter-output>
        </test-method> <!-- setUpClass -->
        <test-method signature="runScenario(io.cucumber.testng.PickleWrapper,io.cucumber.testng.FeatureWrapper)[pri:0, instance:selenium_features.Runner_Testng@6025e1b6]" started-at="2024-09-20T10:02:36 IST" name="runScenario" description="Runs Cucumber Scenarios" data-provider="scenarios" finished-at="2024-09-20T10:02:37 IST" duration-ms="124" status="PASS">
          <params>
            <param index="0">
              <value>
                <![CDATA["Title of your scenario"]]>
              </value>
            </param>
            <param index="1">
              <value>
                <![CDATA["Title of your feature"]]>
              </value>
            </param>
          </params>
          <reporter-output>
          </reporter-output>
        </test-method> <!-- runScenario -->
        <test-method is-config="true" signature="tearDownClass()[pri:0, instance:selenium_features.Runner_Testng@6025e1b6]" started-at="2024-09-20T10:02:37 IST" name="tearDownClass" finished-at="2024-09-20T10:02:37 IST" duration-ms="60" status="PASS">
          <reporter-output>
          </reporter-output>
        </test-method> <!-- tearDownClass -->
      </class> <!-- selenium_features.Runner_Testng -->
    </test> <!-- Default test -->
  </suite> <!-- Default suite -->
</testng-results>
