<?xml version="1.0" encoding="UTF-8"?>
<testng-results ignored="0" total="1" passed="1" failed="0" skipped="0">
  <reporter-output>
  </reporter-output>
  <suite started-at="2024-09-04T05:32:25 IST" name="Default suite" finished-at="2024-09-04T05:32:49 IST" duration-ms="23591">
    <groups>
    </groups>
    <test started-at="2024-09-04T05:32:25 IST" name="Default test" finished-at="2024-09-04T05:32:49 IST" duration-ms="23591">
      <class name="com.icolor.test.pages.LoginPageTest">
        <test-method is-config="true" signature="setUp()[pri:0, instance:com.icolor.test.pages.LoginPageTest@2f40e5db]" started-at="2024-09-04T05:32:25 IST" name="setUp" finished-at="2024-09-04T05:32:46 IST" duration-ms="20632" status="PASS">
          <reporter-output>
          </reporter-output>
        </test-method> <!-- setUp -->
        <test-method signature="loginTest()[pri:0, instance:com.icolor.test.pages.LoginPageTest@2f40e5db]" started-at="2024-09-04T05:32:46 IST" name="loginTest" finished-at="2024-09-04T05:32:49 IST" duration-ms="2623" status="PASS">
          <reporter-output>
          </reporter-output>
        </test-method> <!-- loginTest -->
        <test-method is-config="true" signature="tearDown()[pri:0, instance:com.icolor.test.pages.LoginPageTest@2f40e5db]" started-at="2024-09-04T05:32:49 IST" name="tearDown" finished-at="2024-09-04T05:32:49 IST" duration-ms="291" status="PASS">
          <reporter-output>
          </reporter-output>
        </test-method> <!-- tearDown -->
      </class> <!-- com.icolor.test.pages.LoginPageTest -->
    </test> <!-- Default test -->
  </suite> <!-- Default suite -->
</testng-results>
