<?xml version="1.0" encoding="UTF-8"?>
<testng-results ignored="0" total="1" passed="1" failed="0" skipped="0">
  <reporter-output>
  </reporter-output>
  <suite started-at="2024-09-04T04:40:12 IST" name="Default suite" finished-at="2024-09-04T04:40:20 IST" duration-ms="8001">
    <groups>
    </groups>
    <test started-at="2024-09-04T04:40:12 IST" name="Default test" finished-at="2024-09-04T04:40:20 IST" duration-ms="8001">
      <class name="com.icolor.test.pages.LoginPageTest">
        <test-method is-config="true" signature="setUp()[pri:0, instance:com.icolor.test.pages.LoginPageTest@367ffa75]" started-at="2024-09-04T04:40:12 IST" name="setUp" finished-at="2024-09-04T04:40:18 IST" duration-ms="5924" status="PASS">
          <reporter-output>
          </reporter-output>
        </test-method> <!-- setUp -->
        <test-method signature="loginTest()[pri:0, instance:com.icolor.test.pages.LoginPageTest@367ffa75]" started-at="2024-09-04T04:40:18 IST" name="loginTest" finished-at="2024-09-04T04:40:20 IST" duration-ms="1854" status="PASS">
          <reporter-output>
          </reporter-output>
        </test-method> <!-- loginTest -->
        <test-method is-config="true" signature="tearDown()[pri:0, instance:com.icolor.test.pages.LoginPageTest@367ffa75]" started-at="2024-09-04T04:40:20 IST" name="tearDown" finished-at="2024-09-04T04:40:20 IST" duration-ms="181" status="PASS">
          <reporter-output>
          </reporter-output>
        </test-method> <!-- tearDown -->
      </class> <!-- com.icolor.test.pages.LoginPageTest -->
    </test> <!-- Default test -->
  </suite> <!-- Default suite -->
</testng-results>
