-------------------------------------------------------------------------------
Test set: Login with Valid Credentials
-------------------------------------------------------------------------------
Tests run: 2, Failures: 0, Errors: 2, Skipped: 0, Time elapsed: 0.422 s <<< FAILURE! - in Login with Valid Credentials
Login with Valid Credentials.Successful Login with Valid Credentials  Time elapsed: 0.422 s  <<< ERROR!
java.lang.NullPointerException: Cannot invoke "String.equalsIgnoreCase(String)" because the return value of "java.util.Properties.getProperty(String)" is null
	at factory.BaseClass.initilizeBrowser(BaseClass.java:27)
	at stepDefinitions.Hooks.setup(Hooks.java:24)

Login with Valid Credentials.Successful Login with Valid Credentials  Time elapsed: 0 s  <<< ERROR!
java.lang.NullPointerException: Cannot invoke "org.openqa.selenium.WebDriver.quit()" because "this.driver" is null
	at stepDefinitions.Hooks.tearDown(Hooks.java:37)

