<?xml version="1.0" encoding="UTF-8"?>
<testng-results ignored="0" total="1" passed="1" failed="0" skipped="0">
  <reporter-output>
  </reporter-output>
  <suite started-at="2024-09-22T01:44:09 IST" name="Default suite" finished-at="2024-09-22T01:44:15 IST" duration-ms="5899">
    <groups>
    </groups>
    <test started-at="2024-09-22T01:44:09 IST" name="Default test" finished-at="2024-09-22T01:44:15 IST" duration-ms="5899">
      <class name="com.icolor.testbase.RegistrationTestPage">
        <test-method is-config="true" signature="setup()[pri:0, instance:com.icolor.testbase.RegistrationTestPage@4ff4357f]" started-at="2024-09-22T01:44:09 IST" name="setup" finished-at="2024-09-22T01:44:13 IST" duration-ms="3728" status="PASS">
          <reporter-output>
          </reporter-output>
        </test-method> <!-- setup -->
        <test-method signature="verify_account_registration()[pri:0, instance:com.icolor.testbase.RegistrationTestPage@4ff4357f]" started-at="2024-09-22T01:44:13 IST" name="verify_account_registration" finished-at="2024-09-22T01:44:15 IST" duration-ms="1890" status="PASS">
          <reporter-output>
          </reporter-output>
        </test-method> <!-- verify_account_registration -->
        <test-method is-config="true" signature="tearDown()[pri:0, instance:com.icolor.testbase.RegistrationTestPage@4ff4357f]" started-at="2024-09-22T01:44:15 IST" name="tearDown" finished-at="2024-09-22T01:44:15 IST" duration-ms="225" status="PASS">
          <reporter-output>
          </reporter-output>
        </test-method> <!-- tearDown -->
      </class> <!-- com.icolor.testbase.RegistrationTestPage -->
    </test> <!-- Default test -->
  </suite> <!-- Default suite -->
</testng-results>
