<?xml version="1.0" encoding="UTF-8"?>
<testng-results ignored="0" total="1" passed="1" failed="0" skipped="0">
  <reporter-output>
  </reporter-output>
  <suite started-at="2024-09-22T00:21:23 IST" name="Default suite" finished-at="2024-09-22T00:21:28 IST" duration-ms="4638">
    <groups>
    </groups>
    <test started-at="2024-09-22T00:21:23 IST" name="Default test" finished-at="2024-09-22T00:21:28 IST" duration-ms="4638">
      <class name="com.icolor.testbase.RegistrationTestPage">
        <test-method is-config="true" signature="setup()[pri:0, instance:com.icolor.testbase.RegistrationTestPage@702657cc]" started-at="2024-09-22T00:21:23 IST" name="setup" finished-at="2024-09-22T00:21:25 IST" duration-ms="2193" status="PASS">
          <reporter-output>
          </reporter-output>
        </test-method> <!-- setup -->
        <test-method signature="verify_account_registration()[pri:0, instance:com.icolor.testbase.RegistrationTestPage@702657cc]" started-at="2024-09-22T00:21:25 IST" name="verify_account_registration" finished-at="2024-09-22T00:21:28 IST" duration-ms="2123" status="PASS">
          <reporter-output>
          </reporter-output>
        </test-method> <!-- verify_account_registration -->
        <test-method is-config="true" signature="tearDown()[pri:0, instance:com.icolor.testbase.RegistrationTestPage@702657cc]" started-at="2024-09-22T00:21:28 IST" name="tearDown" finished-at="2024-09-22T00:21:28 IST" duration-ms="276" status="PASS">
          <reporter-output>
          </reporter-output>
        </test-method> <!-- tearDown -->
      </class> <!-- com.icolor.testbase.RegistrationTestPage -->
    </test> <!-- Default test -->
  </suite> <!-- Default suite -->
</testng-results>
